<?xml version="1.0" encoding="UTF-8"?>
<!-- Generated by org.testng.reporters.JUnitReportReporter -->
<testsuite hostname="DESKTOP-O295AK1" failures="0" tests="1" name="VenkateshAcademy.AmazonSearch.AmazonSearchResults" time="93.069" errors="0" timestamp="2022-12-08T14:47:26 IST" skipped="0">
  <testcase classname="VenkateshAcademy.AmazonSearch.AmazonSearchResults" name="amazonsearch" time="93.069"/>
  <system-out/>
</testsuite> <!-- VenkateshAcademy.AmazonSearch.AmazonSearchResults -->
